<?xml version="1.0" encoding="UTF-8"?>
<!-- Generated by org.testng.reporters.JUnitXMLReporter -->
<testsuite hostname="DESKTOP-HQQLIAD" ignored="0" name="Test" tests="1" failures="1" timestamp="2020-09-04T15:24:10 IST" time="0.061" errors="0">
  <testcase name="testCase1" time="0.01" classname="org.tcs.RoboticOne">
    <failure type="java.lang.NullPointerException">
      <![CDATA[java.lang.NullPointerException
at org.tcs.RoboticOne.testCase1(RoboticOne.java:45)
at java.util.ArrayList.forEach(Unknown Source)
... Removed 27 stack frames]]>
    </failure>
  </testcase> <!-- testCase1 -->
</testsuite> <!-- Test -->
